2021-10-12T02:51:35.260+0900  INFO 36092 --- [  restartedMain] com.bithumb.board.BoardApplication       [  55] : Starting BoardApplication using Java 11.0.12 on DESKTOP-TEDBVB0 with PID 36092 (C:\projects\backend-board-service\out\production\classes started by minji in C:\projects\backend-board-service)
2021-10-12T02:51:35.271+0900  INFO 36092 --- [  restartedMain] com.bithumb.board.BoardApplication       [ 663] : The following profiles are active: dev
2021-10-12T02:51:35.470+0900  INFO 36092 --- [  restartedMain] .e.DevToolsPropertyDefaultsPostProcessor [ 255] : Devtools property defaults active! Set 'spring.devtools.add-properties' to 'false' to disable
2021-10-12T02:51:35.472+0900  INFO 36092 --- [  restartedMain] .e.DevToolsPropertyDefaultsPostProcessor [ 255] : For additional web related logging consider setting the 'logging.level.web' property to 'DEBUG'
2021-10-12T02:51:44.809+0900  INFO 36092 --- [  restartedMain] .s.d.r.c.RepositoryConfigurationDelegate [ 132] : Bootstrapping Spring Data JPA repositories in DEFAULT mode.
2021-10-12T02:51:46.476+0900  INFO 36092 --- [  restartedMain] .s.d.r.c.RepositoryConfigurationDelegate [ 201] : Finished Spring Data repository scanning in 1513 ms. Found 4 JPA repository interfaces.
2021-10-12T02:51:49.234+0900  WARN 36092 --- [  restartedMain] i.InstanceMetadataServiceResourceFetcher [ 105] : Fail to retrieve token 

com.amazonaws.SdkClientException: Failed to connect to service endpoint: 
	at com.amazonaws.internal.EC2ResourceFetcher.doReadResource(EC2ResourceFetcher.java:100)
	at com.amazonaws.internal.InstanceMetadataServiceResourceFetcher.getToken(InstanceMetadataServiceResourceFetcher.java:91)
	at com.amazonaws.internal.InstanceMetadataServiceResourceFetcher.readResource(InstanceMetadataServiceResourceFetcher.java:69)
	at com.amazonaws.internal.EC2ResourceFetcher.readResource(EC2ResourceFetcher.java:66)
	at com.amazonaws.util.EC2MetadataUtils.getItems(EC2MetadataUtils.java:402)
	at com.amazonaws.util.EC2MetadataUtils.getData(EC2MetadataUtils.java:371)
	at org.springframework.cloud.aws.context.support.env.AwsCloudEnvironmentCheckUtils.isRunningOnCloudEnvironment(AwsCloudEnvironmentCheckUtils.java:38)
	at org.springframework.cloud.aws.context.annotation.OnAwsCloudEnvironmentCondition.matches(OnAwsCloudEnvironmentCondition.java:38)
	at org.springframework.context.annotation.ConditionEvaluator.shouldSkip(ConditionEvaluator.java:108)
	at org.springframework.context.annotation.ConfigurationClassBeanDefinitionReader$TrackedConditionEvaluator.shouldSkip(ConfigurationClassBeanDefinitionReader.java:489)
	at org.springframework.context.annotation.ConfigurationClassBeanDefinitionReader.loadBeanDefinitionsForConfigurationClass(ConfigurationClassBeanDefinitionReader.java:140)
	at org.springframework.context.annotation.ConfigurationClassBeanDefinitionReader.loadBeanDefinitions(ConfigurationClassBeanDefinitionReader.java:129)
	at org.springframework.context.annotation.ConfigurationClassPostProcessor.processConfigBeanDefinitions(ConfigurationClassPostProcessor.java:343)
	at org.springframework.context.annotation.ConfigurationClassPostProcessor.postProcessBeanDefinitionRegistry(ConfigurationClassPostProcessor.java:247)
	at org.springframework.context.support.PostProcessorRegistrationDelegate.invokeBeanDefinitionRegistryPostProcessors(PostProcessorRegistrationDelegate.java:311)
	at org.springframework.context.support.PostProcessorRegistrationDelegate.invokeBeanFactoryPostProcessors(PostProcessorRegistrationDelegate.java:112)
	at org.springframework.context.support.AbstractApplicationContext.invokeBeanFactoryPostProcessors(AbstractApplicationContext.java:746)
	at org.springframework.context.support.AbstractApplicationContext.refresh(AbstractApplicationContext.java:564)
	at org.springframework.boot.web.servlet.context.ServletWebServerApplicationContext.refresh(ServletWebServerApplicationContext.java:145)
	at org.springframework.boot.SpringApplication.refresh(SpringApplication.java:754)
	at org.springframework.boot.SpringApplication.refreshContext(SpringApplication.java:434)
	at org.springframework.boot.SpringApplication.run(SpringApplication.java:338)
	at org.springframework.boot.SpringApplication.run(SpringApplication.java:1343)
	at org.springframework.boot.SpringApplication.run(SpringApplication.java:1332)
	at com.bithumb.board.BoardApplication.main(BoardApplication.java:12)
	at java.base/jdk.internal.reflect.NativeMethodAccessorImpl.invoke0(Native Method)
	at java.base/jdk.internal.reflect.NativeMethodAccessorImpl.invoke(NativeMethodAccessorImpl.java:62)
	at java.base/jdk.internal.reflect.DelegatingMethodAccessorImpl.invoke(DelegatingMethodAccessorImpl.java:43)
	at java.base/java.lang.reflect.Method.invoke(Method.java:566)
	at org.springframework.boot.devtools.restart.RestartLauncher.run(RestartLauncher.java:49)
Caused by: java.net.SocketException: Network is unreachable: connect
	at java.base/java.net.PlainSocketImpl.waitForConnect(Native Method)
	at java.base/java.net.PlainSocketImpl.socketConnect(PlainSocketImpl.java:107)
	at java.base/java.net.AbstractPlainSocketImpl.doConnect(AbstractPlainSocketImpl.java:399)
	at java.base/java.net.AbstractPlainSocketImpl.connectToAddress(AbstractPlainSocketImpl.java:242)
	at java.base/java.net.AbstractPlainSocketImpl.connect(AbstractPlainSocketImpl.java:224)
	at java.base/java.net.Socket.connect(Socket.java:609)
	at java.base/sun.net.NetworkClient.doConnect(NetworkClient.java:177)
	at java.base/sun.net.www.http.HttpClient.openServer(HttpClient.java:474)
	at java.base/sun.net.www.http.HttpClient.openServer(HttpClient.java:569)
	at java.base/sun.net.www.http.HttpClient.<init>(HttpClient.java:242)
	at java.base/sun.net.www.http.HttpClient.New(HttpClient.java:341)
	at java.base/sun.net.www.http.HttpClient.New(HttpClient.java:362)
	at java.base/sun.net.www.protocol.http.HttpURLConnection.getNewHttpClient(HttpURLConnection.java:1253)
	at java.base/sun.net.www.protocol.http.HttpURLConnection.plainConnect0(HttpURLConnection.java:1232)
	at java.base/sun.net.www.protocol.http.HttpURLConnection.plainConnect(HttpURLConnection.java:1081)
	at java.base/sun.net.www.protocol.http.HttpURLConnection.connect(HttpURLConnection.java:1015)
	at com.amazonaws.internal.ConnectionUtils.connectToEndpoint(ConnectionUtils.java:52)
	at com.amazonaws.internal.EC2ResourceFetcher.doReadResource(EC2ResourceFetcher.java:80)
	... 29 common frames omitted

2021-10-12T02:51:49.303+0900  WARN 36092 --- [  restartedMain] com.amazonaws.util.EC2MetadataUtils      [ 409] : Unable to retrieve the requested metadata (/latest/meta-data/instance-id). Failed to connect to service endpoint: 

com.amazonaws.SdkClientException: Failed to connect to service endpoint: 
	at com.amazonaws.internal.EC2ResourceFetcher.doReadResource(EC2ResourceFetcher.java:100)
	at com.amazonaws.internal.InstanceMetadataServiceResourceFetcher.getToken(InstanceMetadataServiceResourceFetcher.java:91)
	at com.amazonaws.internal.InstanceMetadataServiceResourceFetcher.readResource(InstanceMetadataServiceResourceFetcher.java:69)
	at com.amazonaws.internal.EC2ResourceFetcher.readResource(EC2ResourceFetcher.java:66)
	at com.amazonaws.util.EC2MetadataUtils.getItems(EC2MetadataUtils.java:402)
	at com.amazonaws.util.EC2MetadataUtils.getData(EC2MetadataUtils.java:371)
	at org.springframework.cloud.aws.context.support.env.AwsCloudEnvironmentCheckUtils.isRunningOnCloudEnvironment(AwsCloudEnvironmentCheckUtils.java:38)
	at org.springframework.cloud.aws.context.annotation.OnAwsCloudEnvironmentCondition.matches(OnAwsCloudEnvironmentCondition.java:38)
	at org.springframework.context.annotation.ConditionEvaluator.shouldSkip(ConditionEvaluator.java:108)
	at org.springframework.context.annotation.ConfigurationClassBeanDefinitionReader$TrackedConditionEvaluator.shouldSkip(ConfigurationClassBeanDefinitionReader.java:489)
	at org.springframework.context.annotation.ConfigurationClassBeanDefinitionReader.loadBeanDefinitionsForConfigurationClass(ConfigurationClassBeanDefinitionReader.java:140)
	at org.springframework.context.annotation.ConfigurationClassBeanDefinitionReader.loadBeanDefinitions(ConfigurationClassBeanDefinitionReader.java:129)
	at org.springframework.context.annotation.ConfigurationClassPostProcessor.processConfigBeanDefinitions(ConfigurationClassPostProcessor.java:343)
	at org.springframework.context.annotation.ConfigurationClassPostProcessor.postProcessBeanDefinitionRegistry(ConfigurationClassPostProcessor.java:247)
	at org.springframework.context.support.PostProcessorRegistrationDelegate.invokeBeanDefinitionRegistryPostProcessors(PostProcessorRegistrationDelegate.java:311)
	at org.springframework.context.support.PostProcessorRegistrationDelegate.invokeBeanFactoryPostProcessors(PostProcessorRegistrationDelegate.java:112)
	at org.springframework.context.support.AbstractApplicationContext.invokeBeanFactoryPostProcessors(AbstractApplicationContext.java:746)
	at org.springframework.context.support.AbstractApplicationContext.refresh(AbstractApplicationContext.java:564)
	at org.springframework.boot.web.servlet.context.ServletWebServerApplicationContext.refresh(ServletWebServerApplicationContext.java:145)
	at org.springframework.boot.SpringApplication.refresh(SpringApplication.java:754)
	at org.springframework.boot.SpringApplication.refreshContext(SpringApplication.java:434)
	at org.springframework.boot.SpringApplication.run(SpringApplication.java:338)
	at org.springframework.boot.SpringApplication.run(SpringApplication.java:1343)
	at org.springframework.boot.SpringApplication.run(SpringApplication.java:1332)
	at com.bithumb.board.BoardApplication.main(BoardApplication.java:12)
	at java.base/jdk.internal.reflect.NativeMethodAccessorImpl.invoke0(Native Method)
	at java.base/jdk.internal.reflect.NativeMethodAccessorImpl.invoke(NativeMethodAccessorImpl.java:62)
	at java.base/jdk.internal.reflect.DelegatingMethodAccessorImpl.invoke(DelegatingMethodAccessorImpl.java:43)
	at java.base/java.lang.reflect.Method.invoke(Method.java:566)
	at org.springframework.boot.devtools.restart.RestartLauncher.run(RestartLauncher.java:49)
Caused by: java.net.SocketException: Network is unreachable: connect
	at java.base/java.net.PlainSocketImpl.waitForConnect(Native Method)
	at java.base/java.net.PlainSocketImpl.socketConnect(PlainSocketImpl.java:107)
	at java.base/java.net.AbstractPlainSocketImpl.doConnect(AbstractPlainSocketImpl.java:399)
	at java.base/java.net.AbstractPlainSocketImpl.connectToAddress(AbstractPlainSocketImpl.java:242)
	at java.base/java.net.AbstractPlainSocketImpl.connect(AbstractPlainSocketImpl.java:224)
	at java.base/java.net.Socket.connect(Socket.java:609)
	at java.base/sun.net.NetworkClient.doConnect(NetworkClient.java:177)
	at java.base/sun.net.www.http.HttpClient.openServer(HttpClient.java:474)
	at java.base/sun.net.www.http.HttpClient.openServer(HttpClient.java:569)
	at java.base/sun.net.www.http.HttpClient.<init>(HttpClient.java:242)
	at java.base/sun.net.www.http.HttpClient.New(HttpClient.java:341)
	at java.base/sun.net.www.http.HttpClient.New(HttpClient.java:362)
	at java.base/sun.net.www.protocol.http.HttpURLConnection.getNewHttpClient(HttpURLConnection.java:1253)
	at java.base/sun.net.www.protocol.http.HttpURLConnection.plainConnect0(HttpURLConnection.java:1232)
	at java.base/sun.net.www.protocol.http.HttpURLConnection.plainConnect(HttpURLConnection.java:1081)
	at java.base/sun.net.www.protocol.http.HttpURLConnection.connect(HttpURLConnection.java:1015)
	at com.amazonaws.internal.ConnectionUtils.connectToEndpoint(ConnectionUtils.java:52)
	at com.amazonaws.internal.EC2ResourceFetcher.doReadResource(EC2ResourceFetcher.java:80)
	... 29 common frames omitted

2021-10-12T02:51:51.555+0900  INFO 36092 --- [  restartedMain] o.s.cloud.context.scope.GenericScope     [ 283] : BeanFactory id=f759bb30-8f53-33c5-8202-3a728b692fff
2021-10-12T02:51:54.130+0900  INFO 36092 --- [  restartedMain] o.s.b.w.embedded.tomcat.TomcatWebServer  [ 108] : Tomcat initialized with port(s): 7000 (http)
2021-10-12T02:51:54.161+0900  INFO 36092 --- [  restartedMain] o.apache.catalina.core.StandardService   [ 173] : Starting service [Tomcat]
2021-10-12T02:51:54.163+0900  INFO 36092 --- [  restartedMain] org.apache.catalina.core.StandardEngine  [ 173] : Starting Servlet engine: [Apache Tomcat/9.0.52]
2021-10-12T02:51:54.868+0900  INFO 36092 --- [  restartedMain] o.a.c.c.C.[Tomcat].[localhost].[/]       [ 173] : Initializing Spring embedded WebApplicationContext
2021-10-12T02:51:54.869+0900  INFO 36092 --- [  restartedMain] w.s.c.ServletWebServerApplicationContext [ 290] : Root WebApplicationContext: initialization completed in 19394 ms
2021-10-12T02:51:55.364+0900  INFO 36092 --- [  restartedMain] com.zaxxer.hikari.HikariDataSource       [ 110] : HikariPool-1 - Starting...
2021-10-12T02:51:55.568+0900  INFO 36092 --- [  restartedMain] com.zaxxer.hikari.HikariDataSource       [ 123] : HikariPool-1 - Start completed.
2021-10-12T02:51:56.125+0900  INFO 36092 --- [  restartedMain] o.hibernate.jpa.internal.util.LogHelper  [  31] : HHH000204: Processing PersistenceUnitInfo [name: default]
2021-10-12T02:51:56.278+0900  INFO 36092 --- [  restartedMain] org.hibernate.Version                    [  44] : HHH000412: Hibernate ORM core version 5.4.32.Final
2021-10-12T02:51:56.724+0900  INFO 36092 --- [  restartedMain] o.hibernate.annotations.common.Version   [  56] : HCANN000001: Hibernate Commons Annotations {5.1.2.Final}
2021-10-12T02:51:57.142+0900  INFO 36092 --- [  restartedMain] org.hibernate.dialect.Dialect            [ 175] : HHH000400: Using dialect: org.hibernate.dialect.MariaDBDialect
2021-10-12T02:52:00.949+0900  WARN 36092 --- [  restartedMain] o.h.t.s.i.ExceptionHandlerLoggedImpl     [  27] : GenerationTarget encountered exception accepting command : Error executing DDL "alter table board add constraint FK2jcn09f438k7w4dfo4omvhwco foreign key (user_no) references topic_user (user_no)" via JDBC Statement

org.hibernate.tool.schema.spi.CommandAcceptanceException: Error executing DDL "alter table board add constraint FK2jcn09f438k7w4dfo4omvhwco foreign key (user_no) references topic_user (user_no)" via JDBC Statement
	at org.hibernate.tool.schema.internal.exec.GenerationTargetToDatabase.accept(GenerationTargetToDatabase.java:67)
	at org.hibernate.tool.schema.internal.AbstractSchemaMigrator.applySqlString(AbstractSchemaMigrator.java:562)
	at org.hibernate.tool.schema.internal.AbstractSchemaMigrator.applySqlStrings(AbstractSchemaMigrator.java:507)
	at org.hibernate.tool.schema.internal.AbstractSchemaMigrator.applyForeignKeys(AbstractSchemaMigrator.java:433)
	at org.hibernate.tool.schema.internal.AbstractSchemaMigrator.performMigration(AbstractSchemaMigrator.java:249)
	at org.hibernate.tool.schema.internal.AbstractSchemaMigrator.doMigration(AbstractSchemaMigrator.java:114)
	at org.hibernate.tool.schema.spi.SchemaManagementToolCoordinator.performDatabaseAction(SchemaManagementToolCoordinator.java:184)
	at org.hibernate.tool.schema.spi.SchemaManagementToolCoordinator.process(SchemaManagementToolCoordinator.java:73)
	at org.hibernate.internal.SessionFactoryImpl.<init>(SessionFactoryImpl.java:318)
	at org.hibernate.boot.internal.SessionFactoryBuilderImpl.build(SessionFactoryBuilderImpl.java:468)
	at org.hibernate.jpa.boot.internal.EntityManagerFactoryBuilderImpl.build(EntityManagerFactoryBuilderImpl.java:1259)
	at org.springframework.orm.jpa.vendor.SpringHibernateJpaPersistenceProvider.createContainerEntityManagerFactory(SpringHibernateJpaPersistenceProvider.java:58)
	at org.springframework.orm.jpa.LocalContainerEntityManagerFactoryBean.createNativeEntityManagerFactory(LocalContainerEntityManagerFactoryBean.java:365)
	at org.springframework.orm.jpa.AbstractEntityManagerFactoryBean.buildNativeEntityManagerFactory(AbstractEntityManagerFactoryBean.java:409)
	at org.springframework.orm.jpa.AbstractEntityManagerFactoryBean.afterPropertiesSet(AbstractEntityManagerFactoryBean.java:396)
	at org.springframework.orm.jpa.LocalContainerEntityManagerFactoryBean.afterPropertiesSet(LocalContainerEntityManagerFactoryBean.java:341)
	at org.springframework.beans.factory.support.AbstractAutowireCapableBeanFactory.invokeInitMethods(AbstractAutowireCapableBeanFactory.java:1845)
	at org.springframework.beans.factory.support.AbstractAutowireCapableBeanFactory.initializeBean(AbstractAutowireCapableBeanFactory.java:1782)
	at org.springframework.beans.factory.support.AbstractAutowireCapableBeanFactory.doCreateBean(AbstractAutowireCapableBeanFactory.java:602)
	at org.springframework.beans.factory.support.AbstractAutowireCapableBeanFactory.createBean(AbstractAutowireCapableBeanFactory.java:524)
	at org.springframework.beans.factory.support.AbstractBeanFactory.lambda$doGetBean$0(AbstractBeanFactory.java:335)
	at org.springframework.beans.factory.support.DefaultSingletonBeanRegistry.getSingleton(DefaultSingletonBeanRegistry.java:234)
	at org.springframework.beans.factory.support.AbstractBeanFactory.doGetBean(AbstractBeanFactory.java:333)
	at org.springframework.beans.factory.support.AbstractBeanFactory.getBean(AbstractBeanFactory.java:208)
	at org.springframework.context.support.AbstractApplicationContext.getBean(AbstractApplicationContext.java:1154)
	at org.springframework.context.support.AbstractApplicationContext.finishBeanFactoryInitialization(AbstractApplicationContext.java:908)
	at org.springframework.context.support.AbstractApplicationContext.refresh(AbstractApplicationContext.java:583)
	at org.springframework.boot.web.servlet.context.ServletWebServerApplicationContext.refresh(ServletWebServerApplicationContext.java:145)
	at org.springframework.boot.SpringApplication.refresh(SpringApplication.java:754)
	at org.springframework.boot.SpringApplication.refreshContext(SpringApplication.java:434)
	at org.springframework.boot.SpringApplication.run(SpringApplication.java:338)
	at org.springframework.boot.SpringApplication.run(SpringApplication.java:1343)
	at org.springframework.boot.SpringApplication.run(SpringApplication.java:1332)
	at com.bithumb.board.BoardApplication.main(BoardApplication.java:12)
	at java.base/jdk.internal.reflect.NativeMethodAccessorImpl.invoke0(Native Method)
	at java.base/jdk.internal.reflect.NativeMethodAccessorImpl.invoke(NativeMethodAccessorImpl.java:62)
	at java.base/jdk.internal.reflect.DelegatingMethodAccessorImpl.invoke(DelegatingMethodAccessorImpl.java:43)
	at java.base/java.lang.reflect.Method.invoke(Method.java:566)
	at org.springframework.boot.devtools.restart.RestartLauncher.run(RestartLauncher.java:49)
Caused by: java.sql.SQLTransientConnectionException: (conn=884) Can't create table `youngcha`.`board` (errno: 150 "Foreign key constraint is incorrectly formed")
	at org.mariadb.jdbc.internal.util.exceptions.ExceptionFactory.createException(ExceptionFactory.java:79)
	at org.mariadb.jdbc.internal.util.exceptions.ExceptionFactory.create(ExceptionFactory.java:158)
	at org.mariadb.jdbc.MariaDbStatement.executeExceptionEpilogue(MariaDbStatement.java:266)
	at org.mariadb.jdbc.MariaDbStatement.executeInternal(MariaDbStatement.java:366)
	at org.mariadb.jdbc.MariaDbStatement.execute(MariaDbStatement.java:504)
	at com.zaxxer.hikari.pool.ProxyStatement.execute(ProxyStatement.java:94)
	at com.zaxxer.hikari.pool.HikariProxyStatement.execute(HikariProxyStatement.java)
	at org.hibernate.tool.schema.internal.exec.GenerationTargetToDatabase.accept(GenerationTargetToDatabase.java:54)
	... 38 common frames omitted
Caused by: org.mariadb.jdbc.internal.util.exceptions.MariaDbSqlException: Can't create table `youngcha`.`board` (errno: 150 "Foreign key constraint is incorrectly formed")
	at org.mariadb.jdbc.internal.util.exceptions.MariaDbSqlException.of(MariaDbSqlException.java:34)
	at org.mariadb.jdbc.internal.protocol.AbstractQueryProtocol.exceptionWithQuery(AbstractQueryProtocol.java:194)
	at org.mariadb.jdbc.internal.protocol.AbstractQueryProtocol.executeQuery(AbstractQueryProtocol.java:262)
	at org.mariadb.jdbc.MariaDbStatement.executeInternal(MariaDbStatement.java:360)
	... 42 common frames omitted
Caused by: java.sql.SQLException: Can't create table `youngcha`.`board` (errno: 150 "Foreign key constraint is incorrectly formed")
	at org.mariadb.jdbc.internal.protocol.AbstractQueryProtocol.readErrorPacket(AbstractQueryProtocol.java:1694)
	at org.mariadb.jdbc.internal.protocol.AbstractQueryProtocol.readPacket(AbstractQueryProtocol.java:1556)
	at org.mariadb.jdbc.internal.protocol.AbstractQueryProtocol.getResult(AbstractQueryProtocol.java:1519)
	at org.mariadb.jdbc.internal.protocol.AbstractQueryProtocol.executeQuery(AbstractQueryProtocol.java:256)
	... 43 common frames omitted

2021-10-12T02:52:01.065+0900  INFO 36092 --- [  restartedMain] o.h.e.t.j.p.i.JtaPlatformInitiator       [  52] : HHH000490: Using JtaPlatform implementation: [org.hibernate.engine.transaction.jta.platform.internal.NoJtaPlatform]
2021-10-12T02:52:01.100+0900  INFO 36092 --- [  restartedMain] j.LocalContainerEntityManagerFactoryBean [ 437] : Initialized JPA EntityManagerFactory for persistence unit 'default'
2021-10-12T02:52:10.533+0900  WARN 36092 --- [  restartedMain] JpaBaseConfiguration$JpaWebConfiguration [ 219] : spring.jpa.open-in-view is enabled by default. Therefore, database queries may be performed during view rendering. Explicitly configure spring.jpa.open-in-view to disable this warning
2021-10-12T02:52:11.883+0900  INFO 36092 --- [  restartedMain] o.s.b.d.a.OptionalLiveReloadServer       [  58] : LiveReload server is running on port 35729
2021-10-12T02:52:22.173+0900  INFO 36092 --- [  restartedMain] o.s.cloud.commons.util.InetUtils         [ 170] : Cannot determine local hostname
2021-10-12T02:52:22.322+0900  INFO 36092 --- [  restartedMain] DiscoveryClientOptionalArgsConfiguration [  68] : Eureka HTTP Client uses RestTemplate.
2021-10-12T02:52:30.862+0900  INFO 36092 --- [  restartedMain] o.s.cloud.commons.util.InetUtils         [ 170] : Cannot determine local hostname
2021-10-12T02:52:31.202+0900  WARN 36092 --- [  restartedMain] iguration$LoadBalancerCaffeineWarnLogger [  82] : Spring Cloud LoadBalancer is currently working with the default cache. You can switch to using Caffeine cache, by adding it and org.springframework.cache.caffeine.CaffeineCacheManager to the classpath.
2021-10-12T02:52:31.633+0900  INFO 36092 --- [  restartedMain] o.s.c.n.eureka.InstanceInfoFactory       [  67] : Setting initial instance status as: STARTING
2021-10-12T02:52:31.714+0900  INFO 36092 --- [  restartedMain] com.netflix.discovery.DiscoveryClient    [ 372] : Initializing Eureka in region us-east-1
2021-10-12T02:52:31.725+0900  INFO 36092 --- [  restartedMain] c.n.d.s.r.aws.ConfigClusterResolver      [  43] : Resolving eureka endpoints via configuration
2021-10-12T02:52:31.775+0900  INFO 36092 --- [  restartedMain] com.netflix.discovery.DiscoveryClient    [1007] : Disable delta property : false
2021-10-12T02:52:31.776+0900  INFO 36092 --- [  restartedMain] com.netflix.discovery.DiscoveryClient    [1008] : Single vip registry refresh property : null
2021-10-12T02:52:31.776+0900  INFO 36092 --- [  restartedMain] com.netflix.discovery.DiscoveryClient    [1009] : Force full registry fetch : false
2021-10-12T02:52:31.777+0900  INFO 36092 --- [  restartedMain] com.netflix.discovery.DiscoveryClient    [1010] : Application is null : false
2021-10-12T02:52:31.779+0900  INFO 36092 --- [  restartedMain] com.netflix.discovery.DiscoveryClient    [1011] : Registered Applications size is zero : true
2021-10-12T02:52:31.780+0900  INFO 36092 --- [  restartedMain] com.netflix.discovery.DiscoveryClient    [1013] : Application version is -1: true
2021-10-12T02:52:31.781+0900  INFO 36092 --- [  restartedMain] com.netflix.discovery.DiscoveryClient    [1097] : Getting all instance registry info from the eureka server
2021-10-12T02:52:32.286+0900  INFO 36092 --- [  restartedMain] com.netflix.discovery.DiscoveryClient    [1106] : The response status is 200
2021-10-12T02:52:32.293+0900  INFO 36092 --- [  restartedMain] com.netflix.discovery.DiscoveryClient    [1321] : Starting heartbeat executor: renew interval is: 30
2021-10-12T02:52:32.299+0900  INFO 36092 --- [  restartedMain] c.n.discovery.InstanceInfoReplicator     [  60] : InstanceInfoReplicator onDemand update allowed rate per min is 4
2021-10-12T02:52:32.311+0900  INFO 36092 --- [  restartedMain] com.netflix.discovery.DiscoveryClient    [ 492] : Discovery Client initialized at timestamp 1633974752308 with initial instances count: 10
2021-10-12T02:52:32.321+0900  INFO 36092 --- [  restartedMain] o.s.c.n.e.s.EurekaServiceRegistry        [  41] : Registering application BOARD with eureka with status UP
2021-10-12T02:52:32.323+0900  INFO 36092 --- [  restartedMain] com.netflix.discovery.DiscoveryClient    [1352] : Saw local status change event StatusChangeEvent [timestamp=1633974752323, current=UP, previous=STARTING]
2021-10-12T02:52:32.328+0900  INFO 36092 --- [nfoReplicator-0] com.netflix.discovery.DiscoveryClient    [ 873] : DiscoveryClient_BOARD/localhost:board:7000: registering service...
2021-10-12T02:52:32.379+0900  INFO 36092 --- [  restartedMain] o.s.b.w.embedded.tomcat.TomcatWebServer  [ 220] : Tomcat started on port(s): 7000 (http) with context path ''
2021-10-12T02:52:32.383+0900  INFO 36092 --- [  restartedMain] .s.c.n.e.s.EurekaAutoServiceRegistration [ 144] : Updating port to 7000
2021-10-12T02:52:32.475+0900  INFO 36092 --- [nfoReplicator-0] com.netflix.discovery.DiscoveryClient    [ 882] : DiscoveryClient_BOARD/localhost:board:7000 - registration status: 204
2021-10-12T02:52:41.402+0900  INFO 36092 --- [  restartedMain] o.s.cloud.commons.util.InetUtils         [ 170] : Cannot determine local hostname
2021-10-12T02:52:43.843+0900  WARN 36092 --- [  restartedMain] d.s.r.o.OperationImplicitParameterReader [ 170] : Unable to interpret the implicit parameter configuration with dataType: long, dataTypeClass: class java.lang.Void
2021-10-12T02:52:44.352+0900  INFO 36092 --- [  restartedMain] com.bithumb.board.BoardApplication       [  61] : Started BoardApplication in 78.903 seconds (JVM running for 88.035)
2021-10-12T02:57:31.792+0900  INFO 36092 --- [trap-executor-0] c.n.d.s.r.aws.ConfigClusterResolver      [  43] : Resolving eureka endpoints via configuration
2021-10-12T03:02:31.809+0900  INFO 36092 --- [trap-executor-0] c.n.d.s.r.aws.ConfigClusterResolver      [  43] : Resolving eureka endpoints via configuration
2021-10-12T03:07:31.824+0900  INFO 36092 --- [trap-executor-0] c.n.d.s.r.aws.ConfigClusterResolver      [  43] : Resolving eureka endpoints via configuration
2021-10-12T03:09:29.280+0900  INFO 36092 --- [ionShutdownHook] o.s.c.n.e.s.EurekaServiceRegistry        [  62] : Unregistering application BOARD with eureka with status DOWN
2021-10-12T03:09:29.281+0900  INFO 36092 --- [ionShutdownHook] com.netflix.discovery.DiscoveryClient    [1352] : Saw local status change event StatusChangeEvent [timestamp=1633975769281, current=DOWN, previous=UP]
2021-10-12T03:09:29.284+0900  INFO 36092 --- [nfoReplicator-0] com.netflix.discovery.DiscoveryClient    [ 873] : DiscoveryClient_BOARD/localhost:board:7000: registering service...
2021-10-12T03:09:29.334+0900  INFO 36092 --- [nfoReplicator-0] com.netflix.discovery.DiscoveryClient    [ 882] : DiscoveryClient_BOARD/localhost:board:7000 - registration status: 204
2021-10-12T03:09:37.246+0900  INFO 36092 --- [ionShutdownHook] j.LocalContainerEntityManagerFactoryBean [ 651] : Closing JPA EntityManagerFactory for persistence unit 'default'
2021-10-12T03:09:37.260+0900  INFO 36092 --- [ionShutdownHook] com.zaxxer.hikari.HikariDataSource       [ 350] : HikariPool-1 - Shutdown initiated...
2021-10-12T03:09:37.388+0900  INFO 36092 --- [ionShutdownHook] com.zaxxer.hikari.HikariDataSource       [ 352] : HikariPool-1 - Shutdown completed.
2021-10-12T03:09:37.391+0900  INFO 36092 --- [ionShutdownHook] com.netflix.discovery.DiscoveryClient    [ 935] : Shutting down DiscoveryClient ...
2021-10-12T03:09:40.407+0900  INFO 36092 --- [ionShutdownHook] com.netflix.discovery.DiscoveryClient    [ 971] : Unregistering ...
2021-10-12T03:09:40.431+0900  INFO 36092 --- [ionShutdownHook] com.netflix.discovery.DiscoveryClient    [ 973] : DiscoveryClient_BOARD/localhost:board:7000 - deregister  status: 200
2021-10-12T03:09:40.445+0900  INFO 36092 --- [ionShutdownHook] com.netflix.discovery.DiscoveryClient    [ 960] : Completed shut down of DiscoveryClient
2021-10-12T18:23:36.905+0900  INFO 12032 --- [  restartedMain] com.bithumb.board.BoardApplication       [  55] : Starting BoardApplication using Java 11.0.12 on DESKTOP-TEDBVB0 with PID 12032 (C:\projects\backend-board-service\out\production\classes started by minji in C:\projects\backend-board-service)
2021-10-12T18:23:36.916+0900  INFO 12032 --- [  restartedMain] com.bithumb.board.BoardApplication       [ 663] : The following profiles are active: dev
2021-10-12T18:23:37.053+0900  INFO 12032 --- [  restartedMain] .e.DevToolsPropertyDefaultsPostProcessor [ 255] : Devtools property defaults active! Set 'spring.devtools.add-properties' to 'false' to disable
2021-10-12T18:23:37.058+0900  INFO 12032 --- [  restartedMain] .e.DevToolsPropertyDefaultsPostProcessor [ 255] : For additional web related logging consider setting the 'logging.level.web' property to 'DEBUG'
2021-10-12T18:23:40.007+0900  INFO 12032 --- [  restartedMain] .s.d.r.c.RepositoryConfigurationDelegate [ 132] : Bootstrapping Spring Data JPA repositories in DEFAULT mode.
2021-10-12T18:23:40.282+0900  INFO 12032 --- [  restartedMain] .s.d.r.c.RepositoryConfigurationDelegate [ 201] : Finished Spring Data repository scanning in 256 ms. Found 4 JPA repository interfaces.
2021-10-12T18:23:40.766+0900  WARN 12032 --- [  restartedMain] i.InstanceMetadataServiceResourceFetcher [ 105] : Fail to retrieve token 

com.amazonaws.SdkClientException: Failed to connect to service endpoint: 
	at com.amazonaws.internal.EC2ResourceFetcher.doReadResource(EC2ResourceFetcher.java:100)
	at com.amazonaws.internal.InstanceMetadataServiceResourceFetcher.getToken(InstanceMetadataServiceResourceFetcher.java:91)
	at com.amazonaws.internal.InstanceMetadataServiceResourceFetcher.readResource(InstanceMetadataServiceResourceFetcher.java:69)
	at com.amazonaws.internal.EC2ResourceFetcher.readResource(EC2ResourceFetcher.java:66)
	at com.amazonaws.util.EC2MetadataUtils.getItems(EC2MetadataUtils.java:402)
	at com.amazonaws.util.EC2MetadataUtils.getData(EC2MetadataUtils.java:371)
	at org.springframework.cloud.aws.context.support.env.AwsCloudEnvironmentCheckUtils.isRunningOnCloudEnvironment(AwsCloudEnvironmentCheckUtils.java:38)
	at org.springframework.cloud.aws.context.annotation.OnAwsCloudEnvironmentCondition.matches(OnAwsCloudEnvironmentCondition.java:38)
	at org.springframework.context.annotation.ConditionEvaluator.shouldSkip(ConditionEvaluator.java:108)
	at org.springframework.context.annotation.ConfigurationClassBeanDefinitionReader$TrackedConditionEvaluator.shouldSkip(ConfigurationClassBeanDefinitionReader.java:489)
	at org.springframework.context.annotation.ConfigurationClassBeanDefinitionReader.loadBeanDefinitionsForConfigurationClass(ConfigurationClassBeanDefinitionReader.java:140)
	at org.springframework.context.annotation.ConfigurationClassBeanDefinitionReader.loadBeanDefinitions(ConfigurationClassBeanDefinitionReader.java:129)
	at org.springframework.context.annotation.ConfigurationClassPostProcessor.processConfigBeanDefinitions(ConfigurationClassPostProcessor.java:343)
	at org.springframework.context.annotation.ConfigurationClassPostProcessor.postProcessBeanDefinitionRegistry(ConfigurationClassPostProcessor.java:247)
	at org.springframework.context.support.PostProcessorRegistrationDelegate.invokeBeanDefinitionRegistryPostProcessors(PostProcessorRegistrationDelegate.java:311)
	at org.springframework.context.support.PostProcessorRegistrationDelegate.invokeBeanFactoryPostProcessors(PostProcessorRegistrationDelegate.java:112)
	at org.springframework.context.support.AbstractApplicationContext.invokeBeanFactoryPostProcessors(AbstractApplicationContext.java:746)
	at org.springframework.context.support.AbstractApplicationContext.refresh(AbstractApplicationContext.java:564)
	at org.springframework.boot.web.servlet.context.ServletWebServerApplicationContext.refresh(ServletWebServerApplicationContext.java:145)
	at org.springframework.boot.SpringApplication.refresh(SpringApplication.java:754)
	at org.springframework.boot.SpringApplication.refreshContext(SpringApplication.java:434)
	at org.springframework.boot.SpringApplication.run(SpringApplication.java:338)
	at org.springframework.boot.SpringApplication.run(SpringApplication.java:1343)
	at org.springframework.boot.SpringApplication.run(SpringApplication.java:1332)
	at com.bithumb.board.BoardApplication.main(BoardApplication.java:12)
	at java.base/jdk.internal.reflect.NativeMethodAccessorImpl.invoke0(Native Method)
	at java.base/jdk.internal.reflect.NativeMethodAccessorImpl.invoke(NativeMethodAccessorImpl.java:62)
	at java.base/jdk.internal.reflect.DelegatingMethodAccessorImpl.invoke(DelegatingMethodAccessorImpl.java:43)
	at java.base/java.lang.reflect.Method.invoke(Method.java:566)
	at org.springframework.boot.devtools.restart.RestartLauncher.run(RestartLauncher.java:49)
Caused by: java.net.SocketException: Network is unreachable: connect
	at java.base/java.net.PlainSocketImpl.waitForConnect(Native Method)
	at java.base/java.net.PlainSocketImpl.socketConnect(PlainSocketImpl.java:107)
	at java.base/java.net.AbstractPlainSocketImpl.doConnect(AbstractPlainSocketImpl.java:399)
	at java.base/java.net.AbstractPlainSocketImpl.connectToAddress(AbstractPlainSocketImpl.java:242)
	at java.base/java.net.AbstractPlainSocketImpl.connect(AbstractPlainSocketImpl.java:224)
	at java.base/java.net.Socket.connect(Socket.java:609)
	at java.base/sun.net.NetworkClient.doConnect(NetworkClient.java:177)
	at java.base/sun.net.www.http.HttpClient.openServer(HttpClient.java:474)
	at java.base/sun.net.www.http.HttpClient.openServer(HttpClient.java:569)
	at java.base/sun.net.www.http.HttpClient.<init>(HttpClient.java:242)
	at java.base/sun.net.www.http.HttpClient.New(HttpClient.java:341)
	at java.base/sun.net.www.http.HttpClient.New(HttpClient.java:362)
	at java.base/sun.net.www.protocol.http.HttpURLConnection.getNewHttpClient(HttpURLConnection.java:1253)
	at java.base/sun.net.www.protocol.http.HttpURLConnection.plainConnect0(HttpURLConnection.java:1232)
	at java.base/sun.net.www.protocol.http.HttpURLConnection.plainConnect(HttpURLConnection.java:1081)
	at java.base/sun.net.www.protocol.http.HttpURLConnection.connect(HttpURLConnection.java:1015)
	at com.amazonaws.internal.ConnectionUtils.connectToEndpoint(ConnectionUtils.java:52)
	at com.amazonaws.internal.EC2ResourceFetcher.doReadResource(EC2ResourceFetcher.java:80)
	... 29 common frames omitted

2021-10-12T18:23:40.770+0900  WARN 12032 --- [  restartedMain] com.amazonaws.util.EC2MetadataUtils      [ 409] : Unable to retrieve the requested metadata (/latest/meta-data/instance-id). Failed to connect to service endpoint: 

com.amazonaws.SdkClientException: Failed to connect to service endpoint: 
	at com.amazonaws.internal.EC2ResourceFetcher.doReadResource(EC2ResourceFetcher.java:100)
	at com.amazonaws.internal.InstanceMetadataServiceResourceFetcher.getToken(InstanceMetadataServiceResourceFetcher.java:91)
	at com.amazonaws.internal.InstanceMetadataServiceResourceFetcher.readResource(InstanceMetadataServiceResourceFetcher.java:69)
	at com.amazonaws.internal.EC2ResourceFetcher.readResource(EC2ResourceFetcher.java:66)
	at com.amazonaws.util.EC2MetadataUtils.getItems(EC2MetadataUtils.java:402)
	at com.amazonaws.util.EC2MetadataUtils.getData(EC2MetadataUtils.java:371)
	at org.springframework.cloud.aws.context.support.env.AwsCloudEnvironmentCheckUtils.isRunningOnCloudEnvironment(AwsCloudEnvironmentCheckUtils.java:38)
	at org.springframework.cloud.aws.context.annotation.OnAwsCloudEnvironmentCondition.matches(OnAwsCloudEnvironmentCondition.java:38)
	at org.springframework.context.annotation.ConditionEvaluator.shouldSkip(ConditionEvaluator.java:108)
	at org.springframework.context.annotation.ConfigurationClassBeanDefinitionReader$TrackedConditionEvaluator.shouldSkip(ConfigurationClassBeanDefinitionReader.java:489)
	at org.springframework.context.annotation.ConfigurationClassBeanDefinitionReader.loadBeanDefinitionsForConfigurationClass(ConfigurationClassBeanDefinitionReader.java:140)
	at org.springframework.context.annotation.ConfigurationClassBeanDefinitionReader.loadBeanDefinitions(ConfigurationClassBeanDefinitionReader.java:129)
	at org.springframework.context.annotation.ConfigurationClassPostProcessor.processConfigBeanDefinitions(ConfigurationClassPostProcessor.java:343)
	at org.springframework.context.annotation.ConfigurationClassPostProcessor.postProcessBeanDefinitionRegistry(ConfigurationClassPostProcessor.java:247)
	at org.springframework.context.support.PostProcessorRegistrationDelegate.invokeBeanDefinitionRegistryPostProcessors(PostProcessorRegistrationDelegate.java:311)
	at org.springframework.context.support.PostProcessorRegistrationDelegate.invokeBeanFactoryPostProcessors(PostProcessorRegistrationDelegate.java:112)
	at org.springframework.context.support.AbstractApplicationContext.invokeBeanFactoryPostProcessors(AbstractApplicationContext.java:746)
	at org.springframework.context.support.AbstractApplicationContext.refresh(AbstractApplicationContext.java:564)
	at org.springframework.boot.web.servlet.context.ServletWebServerApplicationContext.refresh(ServletWebServerApplicationContext.java:145)
	at org.springframework.boot.SpringApplication.refresh(SpringApplication.java:754)
	at org.springframework.boot.SpringApplication.refreshContext(SpringApplication.java:434)
	at org.springframework.boot.SpringApplication.run(SpringApplication.java:338)
	at org.springframework.boot.SpringApplication.run(SpringApplication.java:1343)
	at org.springframework.boot.SpringApplication.run(SpringApplication.java:1332)
	at com.bithumb.board.BoardApplication.main(BoardApplication.java:12)
	at java.base/jdk.internal.reflect.NativeMethodAccessorImpl.invoke0(Native Method)
	at java.base/jdk.internal.reflect.NativeMethodAccessorImpl.invoke(NativeMethodAccessorImpl.java:62)
	at java.base/jdk.internal.reflect.DelegatingMethodAccessorImpl.invoke(DelegatingMethodAccessorImpl.java:43)
	at java.base/java.lang.reflect.Method.invoke(Method.java:566)
	at org.springframework.boot.devtools.restart.RestartLauncher.run(RestartLauncher.java:49)
Caused by: java.net.SocketException: Network is unreachable: connect
	at java.base/java.net.PlainSocketImpl.waitForConnect(Native Method)
	at java.base/java.net.PlainSocketImpl.socketConnect(PlainSocketImpl.java:107)
	at java.base/java.net.AbstractPlainSocketImpl.doConnect(AbstractPlainSocketImpl.java:399)
	at java.base/java.net.AbstractPlainSocketImpl.connectToAddress(AbstractPlainSocketImpl.java:242)
	at java.base/java.net.AbstractPlainSocketImpl.connect(AbstractPlainSocketImpl.java:224)
	at java.base/java.net.Socket.connect(Socket.java:609)
	at java.base/sun.net.NetworkClient.doConnect(NetworkClient.java:177)
	at java.base/sun.net.www.http.HttpClient.openServer(HttpClient.java:474)
	at java.base/sun.net.www.http.HttpClient.openServer(HttpClient.java:569)
	at java.base/sun.net.www.http.HttpClient.<init>(HttpClient.java:242)
	at java.base/sun.net.www.http.HttpClient.New(HttpClient.java:341)
	at java.base/sun.net.www.http.HttpClient.New(HttpClient.java:362)
	at java.base/sun.net.www.protocol.http.HttpURLConnection.getNewHttpClient(HttpURLConnection.java:1253)
	at java.base/sun.net.www.protocol.http.HttpURLConnection.plainConnect0(HttpURLConnection.java:1232)
	at java.base/sun.net.www.protocol.http.HttpURLConnection.plainConnect(HttpURLConnection.java:1081)
	at java.base/sun.net.www.protocol.http.HttpURLConnection.connect(HttpURLConnection.java:1015)
	at com.amazonaws.internal.ConnectionUtils.connectToEndpoint(ConnectionUtils.java:52)
	at com.amazonaws.internal.EC2ResourceFetcher.doReadResource(EC2ResourceFetcher.java:80)
	... 29 common frames omitted

2021-10-12T18:23:41.391+0900  INFO 12032 --- [  restartedMain] o.s.cloud.context.scope.GenericScope     [ 283] : BeanFactory id=f759bb30-8f53-33c5-8202-3a728b692fff
2021-10-12T18:23:44.257+0900  INFO 12032 --- [  restartedMain] o.s.b.w.embedded.tomcat.TomcatWebServer  [ 108] : Tomcat initialized with port(s): 7000 (http)
2021-10-12T18:23:44.284+0900  INFO 12032 --- [  restartedMain] o.apache.catalina.core.StandardService   [ 173] : Starting service [Tomcat]
2021-10-12T18:23:44.290+0900  INFO 12032 --- [  restartedMain] org.apache.catalina.core.StandardEngine  [ 173] : Starting Servlet engine: [Apache Tomcat/9.0.52]
2021-10-12T18:23:45.031+0900  INFO 12032 --- [  restartedMain] o.a.c.c.C.[Tomcat].[localhost].[/]       [ 173] : Initializing Spring embedded WebApplicationContext
2021-10-12T18:23:45.032+0900  INFO 12032 --- [  restartedMain] w.s.c.ServletWebServerApplicationContext [ 290] : Root WebApplicationContext: initialization completed in 7971 ms
2021-10-12T18:23:45.561+0900  INFO 12032 --- [  restartedMain] com.zaxxer.hikari.HikariDataSource       [ 110] : HikariPool-1 - Starting...
2021-10-12T18:23:46.183+0900  INFO 12032 --- [  restartedMain] com.zaxxer.hikari.HikariDataSource       [ 123] : HikariPool-1 - Start completed.
2021-10-12T18:23:46.523+0900  INFO 12032 --- [  restartedMain] o.hibernate.jpa.internal.util.LogHelper  [  31] : HHH000204: Processing PersistenceUnitInfo [name: default]
2021-10-12T18:23:46.668+0900  INFO 12032 --- [  restartedMain] org.hibernate.Version                    [  44] : HHH000412: Hibernate ORM core version 5.4.32.Final
2021-10-12T18:23:47.047+0900  INFO 12032 --- [  restartedMain] o.hibernate.annotations.common.Version   [  56] : HCANN000001: Hibernate Commons Annotations {5.1.2.Final}
2021-10-12T18:23:47.381+0900  INFO 12032 --- [  restartedMain] org.hibernate.dialect.Dialect            [ 175] : HHH000400: Using dialect: org.hibernate.dialect.MariaDBDialect
2021-10-12T18:23:49.523+0900  WARN 12032 --- [  restartedMain] o.h.t.s.i.ExceptionHandlerLoggedImpl     [  27] : GenerationTarget encountered exception accepting command : Error executing DDL "alter table board add constraint FK2jcn09f438k7w4dfo4omvhwco foreign key (user_no) references topic_user (user_no)" via JDBC Statement

org.hibernate.tool.schema.spi.CommandAcceptanceException: Error executing DDL "alter table board add constraint FK2jcn09f438k7w4dfo4omvhwco foreign key (user_no) references topic_user (user_no)" via JDBC Statement
	at org.hibernate.tool.schema.internal.exec.GenerationTargetToDatabase.accept(GenerationTargetToDatabase.java:67)
	at org.hibernate.tool.schema.internal.AbstractSchemaMigrator.applySqlString(AbstractSchemaMigrator.java:562)
	at org.hibernate.tool.schema.internal.AbstractSchemaMigrator.applySqlStrings(AbstractSchemaMigrator.java:507)
	at org.hibernate.tool.schema.internal.AbstractSchemaMigrator.applyForeignKeys(AbstractSchemaMigrator.java:433)
	at org.hibernate.tool.schema.internal.AbstractSchemaMigrator.performMigration(AbstractSchemaMigrator.java:249)
	at org.hibernate.tool.schema.internal.AbstractSchemaMigrator.doMigration(AbstractSchemaMigrator.java:114)
	at org.hibernate.tool.schema.spi.SchemaManagementToolCoordinator.performDatabaseAction(SchemaManagementToolCoordinator.java:184)
	at org.hibernate.tool.schema.spi.SchemaManagementToolCoordinator.process(SchemaManagementToolCoordinator.java:73)
	at org.hibernate.internal.SessionFactoryImpl.<init>(SessionFactoryImpl.java:318)
	at org.hibernate.boot.internal.SessionFactoryBuilderImpl.build(SessionFactoryBuilderImpl.java:468)
	at org.hibernate.jpa.boot.internal.EntityManagerFactoryBuilderImpl.build(EntityManagerFactoryBuilderImpl.java:1259)
	at org.springframework.orm.jpa.vendor.SpringHibernateJpaPersistenceProvider.createContainerEntityManagerFactory(SpringHibernateJpaPersistenceProvider.java:58)
	at org.springframework.orm.jpa.LocalContainerEntityManagerFactoryBean.createNativeEntityManagerFactory(LocalContainerEntityManagerFactoryBean.java:365)
	at org.springframework.orm.jpa.AbstractEntityManagerFactoryBean.buildNativeEntityManagerFactory(AbstractEntityManagerFactoryBean.java:409)
	at org.springframework.orm.jpa.AbstractEntityManagerFactoryBean.afterPropertiesSet(AbstractEntityManagerFactoryBean.java:396)
	at org.springframework.orm.jpa.LocalContainerEntityManagerFactoryBean.afterPropertiesSet(LocalContainerEntityManagerFactoryBean.java:341)
	at org.springframework.beans.factory.support.AbstractAutowireCapableBeanFactory.invokeInitMethods(AbstractAutowireCapableBeanFactory.java:1845)
	at org.springframework.beans.factory.support.AbstractAutowireCapableBeanFactory.initializeBean(AbstractAutowireCapableBeanFactory.java:1782)
	at org.springframework.beans.factory.support.AbstractAutowireCapableBeanFactory.doCreateBean(AbstractAutowireCapableBeanFactory.java:602)
	at org.springframework.beans.factory.support.AbstractAutowireCapableBeanFactory.createBean(AbstractAutowireCapableBeanFactory.java:524)
	at org.springframework.beans.factory.support.AbstractBeanFactory.lambda$doGetBean$0(AbstractBeanFactory.java:335)
	at org.springframework.beans.factory.support.DefaultSingletonBeanRegistry.getSingleton(DefaultSingletonBeanRegistry.java:234)
	at org.springframework.beans.factory.support.AbstractBeanFactory.doGetBean(AbstractBeanFactory.java:333)
	at org.springframework.beans.factory.support.AbstractBeanFactory.getBean(AbstractBeanFactory.java:208)
	at org.springframework.context.support.AbstractApplicationContext.getBean(AbstractApplicationContext.java:1154)
	at org.springframework.context.support.AbstractApplicationContext.finishBeanFactoryInitialization(AbstractApplicationContext.java:908)
	at org.springframework.context.support.AbstractApplicationContext.refresh(AbstractApplicationContext.java:583)
	at org.springframework.boot.web.servlet.context.ServletWebServerApplicationContext.refresh(ServletWebServerApplicationContext.java:145)
	at org.springframework.boot.SpringApplication.refresh(SpringApplication.java:754)
	at org.springframework.boot.SpringApplication.refreshContext(SpringApplication.java:434)
	at org.springframework.boot.SpringApplication.run(SpringApplication.java:338)
	at org.springframework.boot.SpringApplication.run(SpringApplication.java:1343)
	at org.springframework.boot.SpringApplication.run(SpringApplication.java:1332)
	at com.bithumb.board.BoardApplication.main(BoardApplication.java:12)
	at java.base/jdk.internal.reflect.NativeMethodAccessorImpl.invoke0(Native Method)
	at java.base/jdk.internal.reflect.NativeMethodAccessorImpl.invoke(NativeMethodAccessorImpl.java:62)
	at java.base/jdk.internal.reflect.DelegatingMethodAccessorImpl.invoke(DelegatingMethodAccessorImpl.java:43)
	at java.base/java.lang.reflect.Method.invoke(Method.java:566)
	at org.springframework.boot.devtools.restart.RestartLauncher.run(RestartLauncher.java:49)
Caused by: java.sql.SQLIntegrityConstraintViolationException: (conn=15617) Cannot add or update a child row: a foreign key constraint fails (`youngcha`.`#sql-alter-1749-3d01`, CONSTRAINT `FK2jcn09f438k7w4dfo4omvhwco` FOREIGN KEY (`user_no`) REFERENCES `topic_user` (`user_no`))
	at org.mariadb.jdbc.internal.util.exceptions.ExceptionFactory.createException(ExceptionFactory.java:70)
	at org.mariadb.jdbc.internal.util.exceptions.ExceptionFactory.create(ExceptionFactory.java:158)
	at org.mariadb.jdbc.MariaDbStatement.executeExceptionEpilogue(MariaDbStatement.java:266)
	at org.mariadb.jdbc.MariaDbStatement.executeInternal(MariaDbStatement.java:366)
	at org.mariadb.jdbc.MariaDbStatement.execute(MariaDbStatement.java:504)
	at com.zaxxer.hikari.pool.ProxyStatement.execute(ProxyStatement.java:94)
	at com.zaxxer.hikari.pool.HikariProxyStatement.execute(HikariProxyStatement.java)
	at org.hibernate.tool.schema.internal.exec.GenerationTargetToDatabase.accept(GenerationTargetToDatabase.java:54)
	... 38 common frames omitted
Caused by: org.mariadb.jdbc.internal.util.exceptions.MariaDbSqlException: Cannot add or update a child row: a foreign key constraint fails (`youngcha`.`#sql-alter-1749-3d01`, CONSTRAINT `FK2jcn09f438k7w4dfo4omvhwco` FOREIGN KEY (`user_no`) REFERENCES `topic_user` (`user_no`))
	at org.mariadb.jdbc.internal.util.exceptions.MariaDbSqlException.of(MariaDbSqlException.java:34)
	at org.mariadb.jdbc.internal.protocol.AbstractQueryProtocol.exceptionWithQuery(AbstractQueryProtocol.java:194)
	at org.mariadb.jdbc.internal.protocol.AbstractQueryProtocol.executeQuery(AbstractQueryProtocol.java:262)
	at org.mariadb.jdbc.MariaDbStatement.executeInternal(MariaDbStatement.java:360)
	... 42 common frames omitted
Caused by: java.sql.SQLException: Cannot add or update a child row: a foreign key constraint fails (`youngcha`.`#sql-alter-1749-3d01`, CONSTRAINT `FK2jcn09f438k7w4dfo4omvhwco` FOREIGN KEY (`user_no`) REFERENCES `topic_user` (`user_no`))
	at org.mariadb.jdbc.internal.protocol.AbstractQueryProtocol.readErrorPacket(AbstractQueryProtocol.java:1694)
	at org.mariadb.jdbc.internal.protocol.AbstractQueryProtocol.readPacket(AbstractQueryProtocol.java:1556)
	at org.mariadb.jdbc.internal.protocol.AbstractQueryProtocol.getResult(AbstractQueryProtocol.java:1519)
	at org.mariadb.jdbc.internal.protocol.AbstractQueryProtocol.executeQuery(AbstractQueryProtocol.java:256)
	... 43 common frames omitted

2021-10-12T18:23:49.672+0900  INFO 12032 --- [  restartedMain] o.h.e.t.j.p.i.JtaPlatformInitiator       [  52] : HHH000490: Using JtaPlatform implementation: [org.hibernate.engine.transaction.jta.platform.internal.NoJtaPlatform]
2021-10-12T18:23:49.715+0900  INFO 12032 --- [  restartedMain] j.LocalContainerEntityManagerFactoryBean [ 437] : Initialized JPA EntityManagerFactory for persistence unit 'default'
2021-10-12T18:23:54.262+0900  WARN 12032 --- [  restartedMain] JpaBaseConfiguration$JpaWebConfiguration [ 219] : spring.jpa.open-in-view is enabled by default. Therefore, database queries may be performed during view rendering. Explicitly configure spring.jpa.open-in-view to disable this warning
2021-10-12T18:23:55.634+0900  INFO 12032 --- [  restartedMain] o.s.b.d.a.OptionalLiveReloadServer       [  58] : LiveReload server is running on port 35729
2021-10-12T18:24:04.121+0900  INFO 12032 --- [  restartedMain] o.s.cloud.commons.util.InetUtils         [ 170] : Cannot determine local hostname
2021-10-12T18:24:04.204+0900  INFO 12032 --- [  restartedMain] DiscoveryClientOptionalArgsConfiguration [  68] : Eureka HTTP Client uses RestTemplate.
2021-10-12T18:24:11.393+0900  INFO 12032 --- [  restartedMain] o.s.cloud.commons.util.InetUtils         [ 170] : Cannot determine local hostname
2021-10-12T18:24:11.589+0900  WARN 12032 --- [  restartedMain] iguration$LoadBalancerCaffeineWarnLogger [  82] : Spring Cloud LoadBalancer is currently working with the default cache. You can switch to using Caffeine cache, by adding it and org.springframework.cache.caffeine.CaffeineCacheManager to the classpath.
2021-10-12T18:24:12.050+0900  INFO 12032 --- [  restartedMain] o.s.c.n.eureka.InstanceInfoFactory       [  67] : Setting initial instance status as: STARTING
2021-10-12T18:24:12.132+0900  INFO 12032 --- [  restartedMain] com.netflix.discovery.DiscoveryClient    [ 372] : Initializing Eureka in region us-east-1
2021-10-12T18:24:12.141+0900  INFO 12032 --- [  restartedMain] c.n.d.s.r.aws.ConfigClusterResolver      [  43] : Resolving eureka endpoints via configuration
2021-10-12T18:24:12.187+0900  INFO 12032 --- [  restartedMain] com.netflix.discovery.DiscoveryClient    [1007] : Disable delta property : false
2021-10-12T18:24:12.188+0900  INFO 12032 --- [  restartedMain] com.netflix.discovery.DiscoveryClient    [1008] : Single vip registry refresh property : null
2021-10-12T18:24:12.189+0900  INFO 12032 --- [  restartedMain] com.netflix.discovery.DiscoveryClient    [1009] : Force full registry fetch : false
2021-10-12T18:24:12.190+0900  INFO 12032 --- [  restartedMain] com.netflix.discovery.DiscoveryClient    [1010] : Application is null : false
2021-10-12T18:24:12.191+0900  INFO 12032 --- [  restartedMain] com.netflix.discovery.DiscoveryClient    [1011] : Registered Applications size is zero : true
2021-10-12T18:24:12.192+0900  INFO 12032 --- [  restartedMain] com.netflix.discovery.DiscoveryClient    [1013] : Application version is -1: true
2021-10-12T18:24:12.193+0900  INFO 12032 --- [  restartedMain] com.netflix.discovery.DiscoveryClient    [1097] : Getting all instance registry info from the eureka server
2021-10-12T18:24:12.590+0900  INFO 12032 --- [  restartedMain] com.netflix.discovery.DiscoveryClient    [1106] : The response status is 200
2021-10-12T18:24:12.597+0900  INFO 12032 --- [  restartedMain] com.netflix.discovery.DiscoveryClient    [1321] : Starting heartbeat executor: renew interval is: 30
2021-10-12T18:24:12.604+0900  INFO 12032 --- [  restartedMain] c.n.discovery.InstanceInfoReplicator     [  60] : InstanceInfoReplicator onDemand update allowed rate per min is 4
2021-10-12T18:24:12.613+0900  INFO 12032 --- [  restartedMain] com.netflix.discovery.DiscoveryClient    [ 492] : Discovery Client initialized at timestamp 1634030652611 with initial instances count: 10
2021-10-12T18:24:12.621+0900  INFO 12032 --- [  restartedMain] o.s.c.n.e.s.EurekaServiceRegistry        [  41] : Registering application BOARD with eureka with status UP
2021-10-12T18:24:12.622+0900  INFO 12032 --- [  restartedMain] com.netflix.discovery.DiscoveryClient    [1352] : Saw local status change event StatusChangeEvent [timestamp=1634030652622, current=UP, previous=STARTING]
2021-10-12T18:24:12.626+0900  INFO 12032 --- [nfoReplicator-0] com.netflix.discovery.DiscoveryClient    [ 873] : DiscoveryClient_BOARD/localhost:board:7000: registering service...
2021-10-12T18:24:12.671+0900  INFO 12032 --- [  restartedMain] o.s.b.w.embedded.tomcat.TomcatWebServer  [ 220] : Tomcat started on port(s): 7000 (http) with context path ''
2021-10-12T18:24:12.674+0900  INFO 12032 --- [  restartedMain] .s.c.n.e.s.EurekaAutoServiceRegistration [ 144] : Updating port to 7000
2021-10-12T18:24:12.794+0900  INFO 12032 --- [nfoReplicator-0] com.netflix.discovery.DiscoveryClient    [ 882] : DiscoveryClient_BOARD/localhost:board:7000 - registration status: 204
2021-10-12T18:24:21.095+0900  INFO 12032 --- [  restartedMain] o.s.cloud.commons.util.InetUtils         [ 170] : Cannot determine local hostname
2021-10-12T18:24:22.625+0900  WARN 12032 --- [  restartedMain] d.s.r.o.OperationImplicitParameterReader [ 170] : Unable to interpret the implicit parameter configuration with dataType: long, dataTypeClass: class java.lang.Void
2021-10-12T18:24:22.758+0900  INFO 12032 --- [  restartedMain] com.bithumb.board.BoardApplication       [  61] : Started BoardApplication in 54.694 seconds (JVM running for 64.275)
2021-10-12T18:25:19.760+0900  INFO 12032 --- [ionShutdownHook] o.s.c.n.e.s.EurekaServiceRegistry        [  62] : Unregistering application BOARD with eureka with status DOWN
2021-10-12T18:25:19.762+0900  INFO 12032 --- [ionShutdownHook] com.netflix.discovery.DiscoveryClient    [1352] : Saw local status change event StatusChangeEvent [timestamp=1634030719762, current=DOWN, previous=UP]
2021-10-12T18:25:19.763+0900  INFO 12032 --- [nfoReplicator-0] com.netflix.discovery.DiscoveryClient    [ 873] : DiscoveryClient_BOARD/localhost:board:7000: registering service...
2021-10-12T18:25:19.816+0900  INFO 12032 --- [nfoReplicator-0] com.netflix.discovery.DiscoveryClient    [ 882] : DiscoveryClient_BOARD/localhost:board:7000 - registration status: 204
2021-10-12T18:25:24.587+0900  INFO 12032 --- [ionShutdownHook] j.LocalContainerEntityManagerFactoryBean [ 651] : Closing JPA EntityManagerFactory for persistence unit 'default'
2021-10-12T18:25:24.604+0900  INFO 12032 --- [ionShutdownHook] com.zaxxer.hikari.HikariDataSource       [ 350] : HikariPool-1 - Shutdown initiated...
2021-10-12T18:25:24.667+0900  INFO 12032 --- [ionShutdownHook] com.zaxxer.hikari.HikariDataSource       [ 352] : HikariPool-1 - Shutdown completed.
2021-10-12T18:25:24.669+0900  INFO 12032 --- [ionShutdownHook] com.netflix.discovery.DiscoveryClient    [ 935] : Shutting down DiscoveryClient ...
2021-10-12T18:25:27.677+0900  INFO 12032 --- [ionShutdownHook] com.netflix.discovery.DiscoveryClient    [ 971] : Unregistering ...
2021-10-12T18:25:27.698+0900  INFO 12032 --- [ionShutdownHook] com.netflix.discovery.DiscoveryClient    [ 973] : DiscoveryClient_BOARD/localhost:board:7000 - deregister  status: 200
2021-10-12T18:25:27.709+0900  INFO 12032 --- [ionShutdownHook] com.netflix.discovery.DiscoveryClient    [ 960] : Completed shut down of DiscoveryClient
