2021-09-22 17:50:32.987  INFO 16580 --- [restartedMain] com.bithumb.board.BoardApplication       : Starting BoardApplication using Java 11.0.12 on DESKTOP-TEDBVB0 with PID 16580 (C:\projects\backend-board-service\build\classes\java\main started by minji in C:\projects\backend-board-service)
2021-09-22 17:50:32.997  INFO 16580 --- [restartedMain] com.bithumb.board.BoardApplication       : The following profiles are active: dev
2021-09-22 17:50:33.165  INFO 16580 --- [restartedMain] .e.DevToolsPropertyDefaultsPostProcessor : Devtools property defaults active! Set 'spring.devtools.add-properties' to 'false' to disable
2021-09-22 17:50:33.167  INFO 16580 --- [restartedMain] .e.DevToolsPropertyDefaultsPostProcessor : For additional web related logging consider setting the 'logging.level.web' property to 'DEBUG'
2021-09-22 17:50:36.998  INFO 16580 --- [restartedMain] .s.d.r.c.RepositoryConfigurationDelegate : Bootstrapping Spring Data JPA repositories in DEFAULT mode.
2021-09-22 17:50:37.233  INFO 16580 --- [restartedMain] .s.d.r.c.RepositoryConfigurationDelegate : Finished Spring Data repository scanning in 211 ms. Found 4 JPA repository interfaces.
2021-09-22 17:50:38.933  INFO 16580 --- [restartedMain] o.s.b.w.embedded.tomcat.TomcatWebServer  : Tomcat initialized with port(s): 8080 (http)
2021-09-22 17:50:38.953  INFO 16580 --- [restartedMain] o.apache.catalina.core.StandardService   : Starting service [Tomcat]
2021-09-22 17:50:38.954  INFO 16580 --- [restartedMain] org.apache.catalina.core.StandardEngine  : Starting Servlet engine: [Apache Tomcat/9.0.52]
2021-09-22 17:50:39.303  INFO 16580 --- [restartedMain] o.a.c.c.C.[Tomcat].[localhost].[/]       : Initializing Spring embedded WebApplicationContext
2021-09-22 17:50:39.305  INFO 16580 --- [restartedMain] w.s.c.ServletWebServerApplicationContext : Root WebApplicationContext: initialization completed in 6136 ms
2021-09-22 17:50:39.597  INFO 16580 --- [restartedMain] com.zaxxer.hikari.HikariDataSource       : HikariPool-1 - Starting...
2021-09-22 17:50:39.693  INFO 16580 --- [restartedMain] com.zaxxer.hikari.HikariDataSource       : HikariPool-1 - Start completed.
2021-09-22 17:50:39.968  INFO 16580 --- [restartedMain] o.hibernate.jpa.internal.util.LogHelper  : HHH000204: Processing PersistenceUnitInfo [name: default]
2021-09-22 17:50:40.083  INFO 16580 --- [restartedMain] org.hibernate.Version                    : HHH000412: Hibernate ORM core version 5.4.32.Final
2021-09-22 17:50:40.344  INFO 16580 --- [restartedMain] o.hibernate.annotations.common.Version   : HCANN000001: Hibernate Commons Annotations {5.1.2.Final}
2021-09-22 17:50:40.563  INFO 16580 --- [restartedMain] org.hibernate.dialect.Dialect            : HHH000400: Using dialect: org.hibernate.dialect.MariaDBDialect
2021-09-22 17:50:42.160  INFO 16580 --- [restartedMain] o.h.e.t.j.p.i.JtaPlatformInitiator       : HHH000490: Using JtaPlatform implementation: [org.hibernate.engine.transaction.jta.platform.internal.NoJtaPlatform]
2021-09-22 17:50:42.179  INFO 16580 --- [restartedMain] j.LocalContainerEntityManagerFactoryBean : Initialized JPA EntityManagerFactory for persistence unit 'default'
2021-09-22 17:50:44.431  WARN 16580 --- [restartedMain] JpaBaseConfiguration$JpaWebConfiguration : spring.jpa.open-in-view is enabled by default. Therefore, database queries may be performed during view rendering. Explicitly configure spring.jpa.open-in-view to disable this warning
2021-09-22 17:50:45.580  INFO 16580 --- [restartedMain] o.s.b.d.a.OptionalLiveReloadServer       : LiveReload server is running on port 35729
2021-09-22 17:50:46.826  INFO 16580 --- [restartedMain] o.s.b.w.embedded.tomcat.TomcatWebServer  : Tomcat started on port(s): 8080 (http) with context path ''
2021-09-22 17:50:48.219  INFO 16580 --- [restartedMain] com.bithumb.board.BoardApplication       : Started BoardApplication in 17.014 seconds (JVM running for 26.799)
2021-09-22 17:51:06.748  INFO 16580 --- [http-nio-8080-exec-1] o.a.c.c.C.[Tomcat].[localhost].[/]       : Initializing Spring DispatcherServlet 'dispatcherServlet'
2021-09-22 17:51:06.751  INFO 16580 --- [http-nio-8080-exec-1] o.s.web.servlet.DispatcherServlet        : Initializing Servlet 'dispatcherServlet'
2021-09-22 17:51:06.756  INFO 16580 --- [http-nio-8080-exec-1] o.s.web.servlet.DispatcherServlet        : Completed initialization in 4 ms
2021-09-22 17:51:07.123  INFO 16580 --- [http-nio-8080-exec-1] c.b.board.controller.BoardController     : 게시물 조회 로그찍기
2021-09-22 17:51:08.390  INFO 16580 --- [http-nio-8080-exec-2] c.b.board.controller.BoardController     : 게시물 조회 로그찍기
2021-09-22 17:51:09.238  INFO 16580 --- [http-nio-8080-exec-3] c.b.board.controller.BoardController     : 게시물 조회 로그찍기
2021-09-22 17:51:09.891  INFO 16580 --- [http-nio-8080-exec-4] c.b.board.controller.BoardController     : 게시물 조회 로그찍기
2021-09-22 17:51:20.008  INFO 16580 --- [SpringApplicationShutdownHook] j.LocalContainerEntityManagerFactoryBean : Closing JPA EntityManagerFactory for persistence unit 'default'
2021-09-22 17:51:20.015  INFO 16580 --- [SpringApplicationShutdownHook] com.zaxxer.hikari.HikariDataSource       : HikariPool-1 - Shutdown initiated...
2021-09-22 17:51:20.058  INFO 16580 --- [SpringApplicationShutdownHook] com.zaxxer.hikari.HikariDataSource       : HikariPool-1 - Shutdown completed.
2021-09-22 17:54:53.890  INFO 27668 --- [restartedMain] com.bithumb.board.BoardApplication       : Starting BoardApplication using Java 11.0.12 on DESKTOP-TEDBVB0 with PID 27668 (C:\projects\backend-board-service\build\classes\java\main started by minji in C:\projects\backend-board-service)
2021-09-22 17:54:53.903  INFO 27668 --- [restartedMain] com.bithumb.board.BoardApplication       : The following profiles are active: dev
2021-09-22 17:54:54.088  INFO 27668 --- [restartedMain] .e.DevToolsPropertyDefaultsPostProcessor : Devtools property defaults active! Set 'spring.devtools.add-properties' to 'false' to disable
2021-09-22 17:54:54.090  INFO 27668 --- [restartedMain] .e.DevToolsPropertyDefaultsPostProcessor : For additional web related logging consider setting the 'logging.level.web' property to 'DEBUG'
2021-09-22 17:55:00.312  INFO 27668 --- [restartedMain] .s.d.r.c.RepositoryConfigurationDelegate : Bootstrapping Spring Data JPA repositories in DEFAULT mode.
2021-09-22 17:55:00.852  INFO 27668 --- [restartedMain] .s.d.r.c.RepositoryConfigurationDelegate : Finished Spring Data repository scanning in 466 ms. Found 4 JPA repository interfaces.
2021-09-22 17:55:03.489  INFO 27668 --- [restartedMain] o.s.b.w.embedded.tomcat.TomcatWebServer  : Tomcat initialized with port(s): 8080 (http)
2021-09-22 17:55:03.520  INFO 27668 --- [restartedMain] o.apache.catalina.core.StandardService   : Starting service [Tomcat]
2021-09-22 17:55:03.522  INFO 27668 --- [restartedMain] org.apache.catalina.core.StandardEngine  : Starting Servlet engine: [Apache Tomcat/9.0.52]
2021-09-22 17:55:03.872  INFO 27668 --- [restartedMain] o.a.c.c.C.[Tomcat].[localhost].[/]       : Initializing Spring embedded WebApplicationContext
2021-09-22 17:55:03.873  INFO 27668 --- [restartedMain] w.s.c.ServletWebServerApplicationContext : Root WebApplicationContext: initialization completed in 9780 ms
2021-09-22 17:55:04.452  INFO 27668 --- [restartedMain] com.zaxxer.hikari.HikariDataSource       : HikariPool-1 - Starting...
2021-09-22 17:55:04.921  INFO 27668 --- [restartedMain] com.zaxxer.hikari.HikariDataSource       : HikariPool-1 - Start completed.
2021-09-22 17:55:06.585  INFO 27668 --- [restartedMain] o.hibernate.jpa.internal.util.LogHelper  : HHH000204: Processing PersistenceUnitInfo [name: default]
2021-09-22 17:55:06.852  INFO 27668 --- [restartedMain] org.hibernate.Version                    : HHH000412: Hibernate ORM core version 5.4.32.Final
2021-09-22 17:55:08.057  INFO 27668 --- [restartedMain] o.hibernate.annotations.common.Version   : HCANN000001: Hibernate Commons Annotations {5.1.2.Final}
2021-09-22 17:55:09.439  INFO 27668 --- [restartedMain] org.hibernate.dialect.Dialect            : HHH000400: Using dialect: org.hibernate.dialect.MariaDBDialect
2021-09-22 17:55:14.810  INFO 27668 --- [restartedMain] o.h.e.t.j.p.i.JtaPlatformInitiator       : HHH000490: Using JtaPlatform implementation: [org.hibernate.engine.transaction.jta.platform.internal.NoJtaPlatform]
2021-09-22 17:55:14.840  INFO 27668 --- [restartedMain] j.LocalContainerEntityManagerFactoryBean : Initialized JPA EntityManagerFactory for persistence unit 'default'
2021-09-22 17:55:28.311  WARN 27668 --- [restartedMain] JpaBaseConfiguration$JpaWebConfiguration : spring.jpa.open-in-view is enabled by default. Therefore, database queries may be performed during view rendering. Explicitly configure spring.jpa.open-in-view to disable this warning
2021-09-22 17:55:30.723  INFO 27668 --- [restartedMain] o.s.b.d.a.OptionalLiveReloadServer       : LiveReload server is running on port 35729
2021-09-22 17:55:31.954  INFO 27668 --- [restartedMain] o.s.b.w.embedded.tomcat.TomcatWebServer  : Tomcat started on port(s): 8080 (http) with context path ''
2021-09-22 17:55:33.418  INFO 27668 --- [restartedMain] com.bithumb.board.BoardApplication       : Started BoardApplication in 41.191 seconds (JVM running for 49.49)
2021-09-22 17:55:39.321  INFO 27668 --- [http-nio-8080-exec-1] o.a.c.c.C.[Tomcat].[localhost].[/]       : Initializing Spring DispatcherServlet 'dispatcherServlet'
2021-09-22 17:55:39.323  INFO 27668 --- [http-nio-8080-exec-1] o.s.web.servlet.DispatcherServlet        : Initializing Servlet 'dispatcherServlet'
2021-09-22 17:55:39.328  INFO 27668 --- [http-nio-8080-exec-1] o.s.web.servlet.DispatcherServlet        : Completed initialization in 3 ms
2021-09-22 17:56:02.038  INFO 27668 --- [SpringApplicationShutdownHook] j.LocalContainerEntityManagerFactoryBean : Closing JPA EntityManagerFactory for persistence unit 'default'
2021-09-22 17:56:02.047  INFO 27668 --- [SpringApplicationShutdownHook] com.zaxxer.hikari.HikariDataSource       : HikariPool-1 - Shutdown initiated...
2021-09-22 17:56:02.085  INFO 27668 --- [SpringApplicationShutdownHook] com.zaxxer.hikari.HikariDataSource       : HikariPool-1 - Shutdown completed.
2021-09-22 17:57:29.910  INFO 26800 --- [restartedMain] com.bithumb.board.BoardApplication       : Starting BoardApplication using Java 11.0.12 on DESKTOP-TEDBVB0 with PID 26800 (C:\projects\backend-board-service\build\classes\java\main started by minji in C:\projects\backend-board-service)
2021-09-22 17:57:29.923  INFO 26800 --- [restartedMain] com.bithumb.board.BoardApplication       : The following profiles are active: dev
2021-09-22 17:57:30.048  INFO 26800 --- [restartedMain] .e.DevToolsPropertyDefaultsPostProcessor : Devtools property defaults active! Set 'spring.devtools.add-properties' to 'false' to disable
2021-09-22 17:57:30.051  INFO 26800 --- [restartedMain] .e.DevToolsPropertyDefaultsPostProcessor : For additional web related logging consider setting the 'logging.level.web' property to 'DEBUG'
2021-09-22 17:57:33.250  INFO 26800 --- [restartedMain] .s.d.r.c.RepositoryConfigurationDelegate : Bootstrapping Spring Data JPA repositories in DEFAULT mode.
2021-09-22 17:57:33.457  INFO 26800 --- [restartedMain] .s.d.r.c.RepositoryConfigurationDelegate : Finished Spring Data repository scanning in 178 ms. Found 4 JPA repository interfaces.
2021-09-22 17:57:35.038  INFO 26800 --- [restartedMain] o.s.b.w.embedded.tomcat.TomcatWebServer  : Tomcat initialized with port(s): 8080 (http)
2021-09-22 17:57:35.057  INFO 26800 --- [restartedMain] o.apache.catalina.core.StandardService   : Starting service [Tomcat]
2021-09-22 17:57:35.059  INFO 26800 --- [restartedMain] org.apache.catalina.core.StandardEngine  : Starting Servlet engine: [Apache Tomcat/9.0.52]
2021-09-22 17:57:35.353  INFO 26800 --- [restartedMain] o.a.c.c.C.[Tomcat].[localhost].[/]       : Initializing Spring embedded WebApplicationContext
2021-09-22 17:57:35.355  INFO 26800 --- [restartedMain] w.s.c.ServletWebServerApplicationContext : Root WebApplicationContext: initialization completed in 5302 ms
2021-09-22 17:57:35.636  INFO 26800 --- [restartedMain] com.zaxxer.hikari.HikariDataSource       : HikariPool-1 - Starting...
2021-09-22 17:57:35.738  INFO 26800 --- [restartedMain] com.zaxxer.hikari.HikariDataSource       : HikariPool-1 - Start completed.
2021-09-22 17:57:36.052  INFO 26800 --- [restartedMain] o.hibernate.jpa.internal.util.LogHelper  : HHH000204: Processing PersistenceUnitInfo [name: default]
2021-09-22 17:57:36.144  INFO 26800 --- [restartedMain] org.hibernate.Version                    : HHH000412: Hibernate ORM core version 5.4.32.Final
2021-09-22 17:57:36.373  INFO 26800 --- [restartedMain] o.hibernate.annotations.common.Version   : HCANN000001: Hibernate Commons Annotations {5.1.2.Final}
2021-09-22 17:57:36.581  INFO 26800 --- [restartedMain] org.hibernate.dialect.Dialect            : HHH000400: Using dialect: org.hibernate.dialect.MariaDBDialect
2021-09-22 17:57:37.895  INFO 26800 --- [restartedMain] o.h.e.t.j.p.i.JtaPlatformInitiator       : HHH000490: Using JtaPlatform implementation: [org.hibernate.engine.transaction.jta.platform.internal.NoJtaPlatform]
2021-09-22 17:57:37.923  INFO 26800 --- [restartedMain] j.LocalContainerEntityManagerFactoryBean : Initialized JPA EntityManagerFactory for persistence unit 'default'
2021-09-22 17:57:39.962  WARN 26800 --- [restartedMain] JpaBaseConfiguration$JpaWebConfiguration : spring.jpa.open-in-view is enabled by default. Therefore, database queries may be performed during view rendering. Explicitly configure spring.jpa.open-in-view to disable this warning
2021-09-22 17:57:40.974  INFO 26800 --- [restartedMain] o.s.b.d.a.OptionalLiveReloadServer       : LiveReload server is running on port 35729
2021-09-22 17:57:42.090  INFO 26800 --- [restartedMain] o.s.b.w.embedded.tomcat.TomcatWebServer  : Tomcat started on port(s): 8080 (http) with context path ''
2021-09-22 17:57:43.266  INFO 26800 --- [restartedMain] com.bithumb.board.BoardApplication       : Started BoardApplication in 15.041 seconds (JVM running for 35.007)
2021-09-22 17:58:04.380  INFO 26800 --- [http-nio-8080-exec-1] o.a.c.c.C.[Tomcat].[localhost].[/]       : Initializing Spring DispatcherServlet 'dispatcherServlet'
2021-09-22 17:58:04.383  INFO 26800 --- [http-nio-8080-exec-1] o.s.web.servlet.DispatcherServlet        : Initializing Servlet 'dispatcherServlet'
2021-09-22 17:58:04.390  INFO 26800 --- [http-nio-8080-exec-1] o.s.web.servlet.DispatcherServlet        : Completed initialization in 6 ms
2021-09-22 17:58:41.557  INFO 26800 --- [SpringApplicationShutdownHook] j.LocalContainerEntityManagerFactoryBean : Closing JPA EntityManagerFactory for persistence unit 'default'
2021-09-22 17:58:41.565  INFO 26800 --- [SpringApplicationShutdownHook] com.zaxxer.hikari.HikariDataSource       : HikariPool-1 - Shutdown initiated...
2021-09-22 17:58:41.601  INFO 26800 --- [SpringApplicationShutdownHook] com.zaxxer.hikari.HikariDataSource       : HikariPool-1 - Shutdown completed.
2021-09-22 17:59:15.156  INFO 23408 --- [restartedMain] com.bithumb.board.BoardApplication       : Starting BoardApplication using Java 11.0.12 on DESKTOP-TEDBVB0 with PID 23408 (C:\projects\backend-board-service\build\classes\java\main started by minji in C:\projects\backend-board-service)
2021-09-22 17:59:15.169  INFO 23408 --- [restartedMain] com.bithumb.board.BoardApplication       : The following profiles are active: dev
2021-09-22 17:59:15.305  INFO 23408 --- [restartedMain] .e.DevToolsPropertyDefaultsPostProcessor : Devtools property defaults active! Set 'spring.devtools.add-properties' to 'false' to disable
2021-09-22 17:59:15.306  INFO 23408 --- [restartedMain] .e.DevToolsPropertyDefaultsPostProcessor : For additional web related logging consider setting the 'logging.level.web' property to 'DEBUG'
2021-09-22 17:59:19.007  INFO 23408 --- [restartedMain] .s.d.r.c.RepositoryConfigurationDelegate : Bootstrapping Spring Data JPA repositories in DEFAULT mode.
2021-09-22 17:59:19.299  INFO 23408 --- [restartedMain] .s.d.r.c.RepositoryConfigurationDelegate : Finished Spring Data repository scanning in 258 ms. Found 4 JPA repository interfaces.
2021-09-22 17:59:21.423  INFO 23408 --- [restartedMain] o.s.b.w.embedded.tomcat.TomcatWebServer  : Tomcat initialized with port(s): 8080 (http)
2021-09-22 17:59:21.446  INFO 23408 --- [restartedMain] o.apache.catalina.core.StandardService   : Starting service [Tomcat]
2021-09-22 17:59:21.447  INFO 23408 --- [restartedMain] org.apache.catalina.core.StandardEngine  : Starting Servlet engine: [Apache Tomcat/9.0.52]
2021-09-22 17:59:21.737  INFO 23408 --- [restartedMain] o.a.c.c.C.[Tomcat].[localhost].[/]       : Initializing Spring embedded WebApplicationContext
2021-09-22 17:59:21.739  INFO 23408 --- [restartedMain] w.s.c.ServletWebServerApplicationContext : Root WebApplicationContext: initialization completed in 6429 ms
2021-09-22 17:59:22.077  INFO 23408 --- [restartedMain] com.zaxxer.hikari.HikariDataSource       : HikariPool-1 - Starting...
2021-09-22 17:59:22.203  INFO 23408 --- [restartedMain] com.zaxxer.hikari.HikariDataSource       : HikariPool-1 - Start completed.
2021-09-22 17:59:22.539  INFO 23408 --- [restartedMain] o.hibernate.jpa.internal.util.LogHelper  : HHH000204: Processing PersistenceUnitInfo [name: default]
2021-09-22 17:59:22.673  INFO 23408 --- [restartedMain] org.hibernate.Version                    : HHH000412: Hibernate ORM core version 5.4.32.Final
2021-09-22 17:59:22.940  INFO 23408 --- [restartedMain] o.hibernate.annotations.common.Version   : HCANN000001: Hibernate Commons Annotations {5.1.2.Final}
2021-09-22 17:59:23.267  INFO 23408 --- [restartedMain] org.hibernate.dialect.Dialect            : HHH000400: Using dialect: org.hibernate.dialect.MariaDBDialect
2021-09-22 17:59:25.050  INFO 23408 --- [restartedMain] o.h.e.t.j.p.i.JtaPlatformInitiator       : HHH000490: Using JtaPlatform implementation: [org.hibernate.engine.transaction.jta.platform.internal.NoJtaPlatform]
2021-09-22 17:59:25.079  INFO 23408 --- [restartedMain] j.LocalContainerEntityManagerFactoryBean : Initialized JPA EntityManagerFactory for persistence unit 'default'
2021-09-22 17:59:32.373  WARN 23408 --- [restartedMain] JpaBaseConfiguration$JpaWebConfiguration : spring.jpa.open-in-view is enabled by default. Therefore, database queries may be performed during view rendering. Explicitly configure spring.jpa.open-in-view to disable this warning
2021-09-22 17:59:38.288  INFO 23408 --- [restartedMain] o.s.b.d.a.OptionalLiveReloadServer       : LiveReload server is running on port 35729
2021-09-22 17:59:40.232  INFO 23408 --- [restartedMain] o.s.b.w.embedded.tomcat.TomcatWebServer  : Tomcat started on port(s): 8080 (http) with context path ''
2021-09-22 17:59:42.021  INFO 23408 --- [restartedMain] com.bithumb.board.BoardApplication       : Started BoardApplication in 28.144 seconds (JVM running for 45.147)
2021-09-22 17:59:49.059  INFO 23408 --- [http-nio-8080-exec-1] o.a.c.c.C.[Tomcat].[localhost].[/]       : Initializing Spring DispatcherServlet 'dispatcherServlet'
2021-09-22 17:59:49.066  INFO 23408 --- [http-nio-8080-exec-1] o.s.web.servlet.DispatcherServlet        : Initializing Servlet 'dispatcherServlet'
2021-09-22 17:59:49.082  INFO 23408 --- [http-nio-8080-exec-1] o.s.web.servlet.DispatcherServlet        : Completed initialization in 12 ms
2021-09-22 17:59:50.427  INFO 23408 --- [http-nio-8080-exec-1] c.b.board.controller.BoardController     : 조회한 게시물 넘버 3.
2021-09-22 17:59:55.372  INFO 23408 --- [http-nio-8080-exec-2] c.b.board.controller.BoardController     : 조회한 게시물 넘버 2.
2021-09-22 17:59:57.892  INFO 23408 --- [http-nio-8080-exec-4] c.b.board.controller.BoardController     : 조회한 게시물 넘버 1.
2021-09-22 17:59:59.118  INFO 23408 --- [http-nio-8080-exec-5] c.b.board.controller.BoardController     : 조회한 게시물 넘버 3.
2021-09-22 18:00:00.081  INFO 23408 --- [http-nio-8080-exec-6] c.b.board.controller.BoardController     : 조회한 게시물 넘버 2.
2021-09-22 18:00:12.458  INFO 23408 --- [SpringApplicationShutdownHook] j.LocalContainerEntityManagerFactoryBean : Closing JPA EntityManagerFactory for persistence unit 'default'
2021-09-22 18:00:12.467  INFO 23408 --- [SpringApplicationShutdownHook] com.zaxxer.hikari.HikariDataSource       : HikariPool-1 - Shutdown initiated...
2021-09-22 18:00:12.506  INFO 23408 --- [SpringApplicationShutdownHook] com.zaxxer.hikari.HikariDataSource       : HikariPool-1 - Shutdown completed.
